{"level":"info","message":"Listening on port 3000...","timestamp":"2022-07-22T03:44:28.922Z"}
{"level":"info","message":"Connected to mongodb://localhost/vidly1...","timestamp":"2022-07-22T03:44:30.004Z"}
{"message":"secretOrPrivateKey must have a value","stack":"Error: secretOrPrivateKey must have a value\n    at Object.module.exports [as sign] (C:\\Users\\Md Mairaz\\NodeJS\\vidly1\\node_modules\\jsonwebtoken\\sign.js:101:20)\n    at model.userSchema.methods.generateAuthToken (C:\\Users\\Md Mairaz\\NodeJS\\vidly1\\models\\user.js:30:21)\n    at C:\\Users\\Md Mairaz\\NodeJS\\vidly1\\routes\\users.js:28:22","level":"error","timestamp":"2022-07-22T03:58:36.678Z"}
{"level":"info","message":"Listening on port 3000...","timestamp":"2022-07-22T03:59:37.268Z"}
{"level":"info","message":"Connected to mongodb://localhost/vidly1...","timestamp":"2022-07-22T03:59:38.305Z"}
{"message":"secretOrPrivateKey must have a value","stack":"Error: secretOrPrivateKey must have a value\n    at Object.module.exports [as sign] (C:\\Users\\Md Mairaz\\NodeJS\\vidly1\\node_modules\\jsonwebtoken\\sign.js:101:20)\n    at model.userSchema.methods.generateAuthToken (C:\\Users\\Md Mairaz\\NodeJS\\vidly1\\models\\user.js:30:21)\n    at C:\\Users\\Md Mairaz\\NodeJS\\vidly1\\routes\\auth.js:19:22","level":"error","timestamp":"2022-07-22T04:02:20.529Z"}
{"level":"info","message":"Listening on port 3000...","timestamp":"2022-07-22T04:02:53.691Z"}
{"level":"info","message":"Connected to mongodb://localhost/vidly1...","timestamp":"2022-07-22T04:02:54.729Z"}
{"message":"secretOrPrivateKey must have a value","stack":"Error: secretOrPrivateKey must have a value\n    at Object.module.exports [as sign] (C:\\Users\\Md Mairaz\\NodeJS\\vidly1\\node_modules\\jsonwebtoken\\sign.js:101:20)\n    at model.userSchema.methods.generateAuthToken (C:\\Users\\Md Mairaz\\NodeJS\\vidly1\\models\\user.js:30:21)\n    at C:\\Users\\Md Mairaz\\NodeJS\\vidly1\\routes\\auth.js:19:22","level":"error","timestamp":"2022-07-22T04:08:23.682Z"}
{"level":"info","message":"Listening on port 3000...","timestamp":"2022-07-22T05:52:16.108Z"}
{"level":"info","message":"Connected to mongodb://localhost/vidly1...","timestamp":"2022-07-22T05:52:17.159Z"}
{"level":"info","message":"Listening on port 3000...","timestamp":"2022-07-22T05:56:48.590Z"}
{"level":"info","message":"Connected to mongodb://localhost/vidly1...","timestamp":"2022-07-22T05:56:49.623Z"}
{"level":"info","message":"Listening on port 3000...","timestamp":"2022-07-22T05:58:06.702Z"}
{"level":"info","message":"Connected to mongodb://localhost/vidly...","timestamp":"2022-07-22T05:58:07.737Z"}
{"level":"info","message":"Listening on port 3000...","timestamp":"2022-07-22T06:00:50.910Z"}
{"level":"info","message":"Connected to mongodb://localhost/vidly...","timestamp":"2022-07-22T06:00:51.944Z"}
{"level":"info","message":"Listening on port 3000...","timestamp":"2022-07-22T06:01:59.603Z"}
{"level":"info","message":"Connected to mongodb://localhost/vidly1...","timestamp":"2022-07-22T06:02:00.634Z"}
{"level":"info","message":"Listening on port 3000...","timestamp":"2022-07-22T06:03:16.957Z"}
{"level":"info","message":"Connected to mongodb://localhost/vidly...","timestamp":"2022-07-22T06:03:17.987Z"}
{"message":"Unexpected token } in JSON at position 65","stack":"SyntaxError: Unexpected token } in JSON at position 65\n    at JSON.parse (<anonymous>)\n    at parse (C:\\Users\\Md Mairaz\\NodeJS\\vidly1\\node_modules\\body-parser\\lib\\types\\json.js:89:19)\n    at C:\\Users\\Md Mairaz\\NodeJS\\vidly1\\node_modules\\body-parser\\lib\\read.js:121:18\n    at invokeCallback (C:\\Users\\Md Mairaz\\NodeJS\\vidly1\\node_modules\\raw-body\\index.js:224:16)\n    at done (C:\\Users\\Md Mairaz\\NodeJS\\vidly1\\node_modules\\raw-body\\index.js:213:7)\n    at IncomingMessage.onEnd (C:\\Users\\Md Mairaz\\NodeJS\\vidly1\\node_modules\\raw-body\\index.js:273:7)\n    at IncomingMessage.emit (node:events:539:35)\n    at endReadableNT (node:internal/streams/readable:1345:12)\n    at processTicksAndRejections (node:internal/process/task_queues:83:21)","expose":true,"statusCode":400,"status":400,"body":"{\n\t\"name\":\"Md Mairaz\",\n\t\"email\":\"merajmd457@gmail.com\",\n\t\"12345\"\n}","type":"entity.parse.failed","level":"error","timestamp":"2022-07-22T06:04:19.967Z"}
{"level":"info","message":"Listening on port 3000...","timestamp":"2022-07-22T06:04:55.286Z"}
{"level":"info","message":"Connected to mongodb://localhost/vidly1...","timestamp":"2022-07-22T06:04:56.314Z"}
{"message":"Unexpected token } in JSON at position 59","stack":"SyntaxError: Unexpected token } in JSON at position 59\n    at JSON.parse (<anonymous>)\n    at parse (C:\\Users\\Md Mairaz\\NodeJS\\vidly1\\node_modules\\body-parser\\lib\\types\\json.js:89:19)\n    at C:\\Users\\Md Mairaz\\NodeJS\\vidly1\\node_modules\\body-parser\\lib\\read.js:121:18\n    at invokeCallback (C:\\Users\\Md Mairaz\\NodeJS\\vidly1\\node_modules\\raw-body\\index.js:224:16)\n    at done (C:\\Users\\Md Mairaz\\NodeJS\\vidly1\\node_modules\\raw-body\\index.js:213:7)\n    at IncomingMessage.onEnd (C:\\Users\\Md Mairaz\\NodeJS\\vidly1\\node_modules\\raw-body\\index.js:273:7)\n    at IncomingMessage.emit (node:events:539:35)\n    at endReadableNT (node:internal/streams/readable:1345:12)\n    at processTicksAndRejections (node:internal/process/task_queues:83:21)","expose":true,"statusCode":400,"status":400,"body":"{\n\t\"name\":\"Trojan\",\n\t\"email\":\"test457@gmail.com\",\n\t\"12345\"\n}","type":"entity.parse.failed","level":"error","timestamp":"2022-07-22T06:05:19.109Z"}
{"level":"info","message":"Listening on port 3000...","timestamp":"2022-07-22T06:07:00.661Z"}
{"level":"info","message":"Connected to mongodb://localhost/vidly...","timestamp":"2022-07-22T06:07:01.684Z"}
{"level":"info","message":"Listening on port 3000...","timestamp":"2022-07-22T09:16:50.570Z"}
{"level":"info","message":"Connected to mongodb://localhost/vidly;...","timestamp":"2022-07-22T09:16:51.605Z"}
{"level":"info","message":"Listening on port 3000...","timestamp":"2022-07-22T09:18:16.014Z"}
{"level":"info","message":"Listening on port 3000...","timestamp":"2022-07-22T09:18:33.515Z"}
{"level":"info","message":"Listening on port 3000...","timestamp":"2022-07-22T09:18:40.987Z"}
{"level":"info","message":"Listening on port 3000...","timestamp":"2022-07-22T09:18:45.990Z"}
{"level":"info","message":"Listening on port 3000...","timestamp":"2022-07-22T09:19:38.761Z"}
{"level":"info","message":"Listening on port 3000...","timestamp":"2022-07-22T09:19:39.671Z"}
{"level":"info","message":"Connected to mongodb://localhost/vidly...","timestamp":"2022-07-22T09:19:40.692Z"}
{"level":"info","message":"Listening on port 3000...","timestamp":"2022-07-22T10:57:01.477Z"}
{"level":"info","message":"Listening on port 3000...","timestamp":"2022-07-22T10:57:01.517Z"}
{"level":"info","message":"Connected to mongodb://localhost/vidly...","timestamp":"2022-07-22T10:57:02.512Z"}
{"level":"info","message":"Connected to mongodb://localhost/vidly...","timestamp":"2022-07-22T10:57:02.562Z"}
{"level":"info","message":"Connected to mongodb://localhost/vidly...","timestamp":"2022-07-22T10:57:02.565Z"}
{"level":"info","message":"Listening on port 3000...","timestamp":"2022-07-22T10:57:04.585Z"}
{"level":"info","message":"Listening on port 3000...","timestamp":"2022-07-22T11:00:45.968Z"}
{"level":"info","message":"Listening on port 3000...","timestamp":"2022-07-22T11:00:46.013Z"}
{"level":"info","message":"Connected to mongodb://localhost/vidly...","timestamp":"2022-07-22T11:00:46.991Z"}
{"level":"info","message":"Connected to mongodb://localhost/vidly...","timestamp":"2022-07-22T11:00:47.066Z"}
{"level":"info","message":"Connected to mongodb://localhost/vidly...","timestamp":"2022-07-22T11:00:47.068Z"}
{"level":"info","message":"Listening on port 3000...","timestamp":"2022-07-22T11:00:49.088Z"}
{"level":"info","message":"Listening on port 3000...","timestamp":"2022-07-22T11:17:04.238Z"}
{"level":"info","message":"Listening on port 3000...","timestamp":"2022-07-22T11:17:04.301Z"}
{"level":"info","message":"Connected to mongodb://localhost/vidly...","timestamp":"2022-07-22T11:17:05.269Z"}
{"level":"info","message":"Connected to mongodb://localhost/vidly...","timestamp":"2022-07-22T11:17:05.300Z"}
{"level":"info","message":"Connected to mongodb://localhost/vidly...","timestamp":"2022-07-22T11:17:05.329Z"}
{"level":"info","message":"Listening on port 3000...","timestamp":"2022-07-22T11:17:07.319Z"}
{"level":"info","message":"Listening on port 3000...","timestamp":"2022-07-22T11:25:01.104Z"}
{"level":"info","message":"Connected to mongodb://localhost/vidly...","timestamp":"2022-07-22T11:25:02.141Z"}
{"level":"info","message":"Listening on port 3000...","timestamp":"2022-07-22T11:44:16.679Z"}
{"level":"info","message":"Connected to mongodb://localhost/vidly_tests...","timestamp":"2022-07-22T11:44:17.710Z"}
{"level":"info","message":"Listening on port 3000...","timestamp":"2022-07-22T11:52:50.097Z"}
{"level":"info","message":"Connected to mongodb://localhost/vidly_tests...","timestamp":"2022-07-22T11:52:51.132Z"}
{"level":"info","message":"Listening on port 3000...","timestamp":"2022-07-22T11:58:44.071Z"}
{"level":"info","message":"Connected to mongodb://localhost/vidly...","timestamp":"2022-07-22T11:58:45.102Z"}
{"level":"info","message":"Listening on port 3000...","timestamp":"2022-07-22T11:59:35.887Z"}
{"level":"info","message":"Connected to mongodb://localhost/vidly...","timestamp":"2022-07-22T11:59:36.925Z"}
{"level":"info","message":"Listening on port 3000...","timestamp":"2022-07-22T12:31:18.329Z"}
{"level":"info","message":"Connected to mongodb://localhost/vidly...","timestamp":"2022-07-22T12:31:19.380Z"}
